########################################
# KIPET version 1.0.3
# Date: 2021-07-07-15-04-58
# File: <ipython-input-3-157868483296>
# ReactionModel instance: reaction1
########################################

# Simulator: Initializing with starting values
# Simulator: Using the fe method
# Simulator: Setting up simulation model
# TemplateBuilder: Preparing model for simulator
WARNING: More finite elements were found in ContinuousSet 'alltime' than the
    number of finite elements specified in apply. The larger number of finite
    elements will be used.
# Simulator: Finished creating simulator
# Simulator: Completed successfully

# VarianceEsitmator: Creating instance
# Warning: Template already populated
ReactionModel: Generating base model (self._model)
# TemplateBuilder: Preparing model for p_estimator
# TemplateBuilder: Preparing model for v_estimator
WARNING: More finite elements were found in ContinuousSet 'alltime' than the
    number of finite elements specified in apply. The larger number of finite
    elements will be used.
# VarianceEstimator: Starting the variance estimator using alternate method
Solving For the worst possible device variance

Ipopt 3.12: linear_solver=ma27
nlp_scaling_method=gradient-based
max_iter=15000


******************************************************************************
This program contains Ipopt, a library for large-scale nonlinear optimization.
 Ipopt is released as open source code under the Eclipse Public License (EPL).
         For more information visit http://projects.coin-or.org/Ipopt
******************************************************************************

This is Ipopt version 3.12, running with linear solver ma27.

Number of nonzeros in equality constraint Jacobian...:    34096
Number of nonzeros in inequality constraint Jacobian.:        0
Number of nonzeros in Lagrangian Hessian.............:   274196

Total number of variables............................:     9278
                     variables with only lower bounds:        0
                variables with lower and upper bounds:      302
                     variables with only upper bounds:        0
Total number of equality constraints.................:     8976
Total number of inequality constraints...............:        0
        inequality constraints with only lower bounds:        0
   inequality constraints with lower and upper bounds:        0
        inequality constraints with only upper bounds:        0

iter    objective    inf_pr   inf_du lg(mu)  ||d||  lg(rg) alpha_du alpha_pr  ls
   0  1.5121366e+02 1.40e+00 6.23e+01  -1.0 0.00e+00    -  0.00e+00 0.00e+00   0
   1  1.2989397e+02 2.97e-01 6.28e+03  -1.0 1.08e+00   2.0 9.39e-01 1.00e+00f  1
   2  9.9460238e+01 1.91e-01 3.67e+03  -1.0 3.06e+00   1.5 2.21e-01 3.57e-01f  1
   3  6.7383029e+00 1.60e-02 1.99e+03  -1.0 2.94e-01   1.0 3.16e-01 1.00e+00f  1
   4  1.5044574e+00 1.84e-04 3.66e+01  -1.0 5.97e-02   1.5 1.00e+00 1.00e+00f  1
   5  1.0208588e+00 4.82e-07 1.05e+00  -1.0 6.85e-02   1.0 1.00e+00 1.00e+00f  1
   6  9.7528610e-01 2.47e-06 2.18e-01  -1.0 5.88e-02   0.5 1.00e+00 1.00e+00f  1
   7  2.2965374e-01 4.37e-07 1.58e-02  -1.7 1.22e-02   0.0 1.00e+00 1.00e+00f  1
   8  1.0963285e-01 3.06e-06 5.54e-02  -3.8 2.00e-02  -0.4 8.93e-01 1.00e+00f  1
   9  9.1578917e-02 3.65e-07 3.02e-03  -3.8 1.38e-02  -0.9 9.75e-01 1.00e+00h  1
iter    objective    inf_pr   inf_du lg(mu)  ||d||  lg(rg) alpha_du alpha_pr  ls
  10  9.0949532e-02 3.72e-07 5.06e-04  -3.8 3.26e-03  -1.4 1.00e+00 1.00e+00h  1
  11  9.0856924e-02 2.69e-06 1.35e-04  -5.7 2.70e-03  -1.9 1.00e+00 1.00e+00h  1
  12  9.0625100e-02 2.48e-05 9.00e-04  -5.7 8.10e-03  -2.3 1.00e+00 1.00e+00h  1
  13  8.9933740e-02 2.42e-04 7.94e-03  -5.7 2.45e-02  -2.8 1.00e+00 1.00e+00h  1
  14  8.8270695e-02 2.63e-03 5.66e-02  -5.7 6.83e-02  -3.3 1.00e+00 1.00e+00h  1
  15  8.6572370e-02 5.90e-04 3.75e-03  -5.7 2.42e-02  -2.9 1.00e+00 1.00e+00h  1
  16  8.4056061e-02 8.22e-03 8.32e-02  -5.7 9.17e-02  -3.4 1.00e+00 1.00e+00h  1
  17  8.0534339e-02 2.42e-03 5.31e-03  -5.7 5.53e-02  -2.9 1.00e+00 1.00e+00h  1
  18  7.5463614e-02 3.75e-02 1.20e-01  -5.7 2.16e-01  -3.4 1.00e+00 1.00e+00h  1
  19  6.8253730e-02 1.25e-02 1.13e-02  -5.7 1.71e-01  -3.0 1.00e+00 1.00e+00h  1
iter    objective    inf_pr   inf_du lg(mu)  ||d||  lg(rg) alpha_du alpha_pr  ls
  20  6.2673077e-02 4.29e-02 5.47e-02  -5.7 3.22e-01  -3.5 1.00e+00 1.00e+00h  1
  21  5.8326117e-02 8.37e-02 4.34e-02  -5.7 5.42e-01  -3.9 1.00e+00 1.00e+00h  1
  22  5.8528825e-02 1.17e-02 1.97e-01  -5.7 1.66e-01    -  1.00e+00 1.00e+00h  1
  23  5.7970287e-02 2.45e-03 3.05e-02  -5.7 1.07e-01    -  1.00e+00 1.00e+00h  1
  24  5.7687748e-02 9.61e-03 2.24e-02  -5.7 2.16e-01    -  1.00e+00 1.00e+00h  1
  25  5.7662500e-02 6.28e-05 6.01e-03  -5.7 3.13e-02    -  1.00e+00 1.00e+00h  1
  26  5.7658858e-02 7.15e-05 3.93e-04  -5.7 1.14e-02    -  1.00e+00 1.00e+00h  1
  27  5.7658863e-02 1.31e-08 5.62e-08  -5.7 2.48e-04    -  1.00e+00 1.00e+00h  1
  28  5.7658862e-02 1.07e-08 7.41e-08  -8.6 1.92e-04    -  1.00e+00 1.00e+00h  1
  29  5.7658862e-02 8.53e-14 1.08e-13  -8.6 2.39e-07    -  1.00e+00 1.00e+00h  1

Number of Iterations....: 29

                                   (scaled)                 (unscaled)
Objective...............:   5.7658861510176712e-02    5.7658861510176712e-02
Dual infeasibility......:   1.0775857708883413e-13    1.0775857708883413e-13
Constraint violation....:   3.7810218096069555e-14    8.5265128291212022e-14
Complementarity.........:   2.5059037699152705e-09    2.5059037699152705e-09
Overall NLP error.......:   2.5059037699152705e-09    2.5059037699152705e-09


Number of objective function evaluations             = 30
Number of objective gradient evaluations             = 30
Number of equality constraint evaluations            = 30
Number of inequality constraint evaluations          = 0
Number of equality constraint Jacobian evaluations   = 30
Number of inequality constraint Jacobian evaluations = 0
Number of Lagrangian Hessian evaluations             = 29
Total CPU secs in IPOPT (w/o function evaluations)   =      4.892
Total CPU secs in NLP function evaluations           =      4.160

EXIT: Optimal Solution Found.
Parameter values with no model variance
k1 1.9726325889180838
k2 0.2012220375173503
Solving delta from given sigmas

{'A': 1e-11, 'B': 1e-11, 'C': 1e-11}
residuals:  -189.85602603699587
k1 9.693373989040722e-06
k2 0.013723526139202111
Overall sigma value at iteration 1 :  1e-05
Solving delta from given sigmas

{'A': 1e-05, 'B': 1e-05, 'C': 1e-05}
residuals:  -257.00719420798
k1 0.00014042420961110465
k2 0.3949367855394261
New delta_sq val:  2.5186795174885413e-06
Overall sigma value at iteration 2 :  5.2074287823536573e-08
Solving delta from given sigmas

{'A': 5.2074287823536573e-08, 'B': 5.2074287823536573e-08, 'C': 5.2074287823536573e-08}
  Signal handler called from  /home/paperspace/anaconda3/envs/ckipetenv/lib/python3.8/subprocess.py _try_wait 1766
  Waiting...
  Signaled process 5022 with signal 2
ERROR: Solver (ipopt) returned non-zero return code (-1)
ERROR: Solver log: Ipopt 3.12: linear_solver=ma27 nlp_scaling_method=gradient-
    based max_iter=15000


    **************************************************************************
    **** This program contains Ipopt, a library for large-scale nonlinear
    optimization.
     Ipopt is released as open source code under the Eclipse Public License
     (EPL).
             For more information visit http://projects.coin-or.org/Ipopt
    **************************************************************************
    ****

    This is Ipopt version 3.12, running with linear solver ma27.

    Number of nonzeros in equality constraint Jacobian...:    34096 Number of
    nonzeros in inequality constraint Jacobian.:        0 Number of nonzeros
    in Lagrangian Hessian.............:   724196

    Total number of variables............................:    10178
                         variables with only lower bounds:      900
                    variables with lower and upper bounds:      302
                         variables with only upper bounds:        0
    Total number of equality constraints.................:     8976 Total
    number of inequality constraints...............:        0
            inequality constraints with only lower bounds:        0
       inequality constraints with lower and upper bounds:        0
            inequality constraints with only upper bounds:        0

    iter    objective    inf_pr   inf_du lg(mu)  ||d||  lg(rg) alpha_du
    alpha_pr  ls
       0  5.3796105e+05 9.86e-03 1.04e+03  -1.0 0.00e+00    -  0.00e+00
       0.00e+00   0 1  1.4760362e+03 1.87e-02 2.02e+02  -1.0 2.91e-01    -
       8.19e-02 1.00e+00f  1 2  3.7969384e+03 3.08e-03 4.15e+02  -1.0 2.69e-01
       2.0 4.31e-01 1.00e+00h  1 3  1.7964169e+03 1.37e-02 1.83e+02  -1.0
       2.94e-01    -  6.97e-01 1.00e+00f  1 4  1.6722428e+03 8.26e-04 1.52e+00
       -1.0 1.45e-01   1.5 9.93e-01 1.00e+00h  1 5  1.7213353e+03 1.13e-02
       6.71e+01  -1.0 2.04e+01    -  9.91e-01 1.00e+00f  1 6  1.9272635e+03
       2.89e-02 7.58e+00  -1.0 1.59e+02    -  9.90e-01 1.00e+00f  1 7
       1.9677882e+03 2.13e-02 5.36e+00  -1.0 6.60e+02    -  1.00e+00 2.65e-01f
       1 8  2.0218650e+03 6.43e-04 3.57e-01  -1.0 6.51e+01    -  1.00e+00
       1.00e+00f  1 9  1.9707193e+03 9.64e-07 7.62e-02  -1.7 1.35e+01    -
       1.00e+00 1.00e+00h  1
    iter    objective    inf_pr   inf_du lg(mu)  ||d||  lg(rg) alpha_du
    alpha_pr  ls
      10  1.9352731e+03 3.81e-06 1.60e+00  -2.5 2.08e+01    -  9.43e-01
      1.00e+00f  1 11  1.7733741e+03 1.49e-04 5.51e+00  -2.5 2.39e+02    -
      1.00e+00 5.31e-01f  1 12  1.2685470e+03 5.02e-04 6.85e+00  -2.5 3.75e+02
      -  5.68e-01 1.22e-01f  1 13  1.2671685e+03 4.18e-07 2.34e-02  -2.5
      2.11e-03   1.0 1.00e+00 1.00e+00h  1 14  1.2662161e+03 2.32e-07 2.76e-03
      -3.8 7.45e-04   0.6 1.00e+00 1.00e+00h  1 15  1.2655026e+03 2.10e-06
      2.77e-03  -3.8 2.25e-03   0.1 1.00e+00 1.00e+00h  1 16  1.2637626e+03
      1.94e-05 2.82e-03  -3.8 6.85e-03  -0.4 1.00e+00 1.00e+00h  1 17
      1.2584246e+03 1.87e-04 2.96e-03  -3.8 2.16e-02  -0.9 1.00e+00 1.00e+00h
      1 18  1.2402214e+03 2.12e-03 4.04e-03  -3.8 7.55e-02  -1.3 1.00e+00
      1.00e+00h  1 19  1.1455796e+03 4.59e-02 3.92e-02  -3.8 3.92e-01  -1.8
      1.00e+00 1.00e+00h  1
    iter    objective    inf_pr   inf_du lg(mu)  ||d||  lg(rg) alpha_du
    alpha_pr  ls
      20  1.0925110e+03 6.93e-02 3.89e-02  -3.8 7.75e-01  -1.4 1.00e+00
      1.00e+00h  1 21  1.0335461e+03 8.15e-02 5.26e-02  -3.8 2.57e+00  -1.9
      5.67e-01 5.00e-01h  1 22  1.0140491e+03 3.03e-02 1.06e+01  -3.8 1.38e+00
      -1.4 1.66e-03 1.00e+00h  1 23  9.4676551e+02 1.88e-02 7.21e+00  -3.8
      2.81e+00  -1.9 1.00e+00 3.21e-01h  1 24  9.3154672e+02 1.58e-02 6.14e+00
      -3.8 1.15e+00  -1.5 1.00e+00 1.49e-01h  1 25  8.8192218e+02 1.49e-02
      6.08e+00  -3.8 4.51e+01  -2.0 2.10e-01 1.32e-02h  1 26  8.5488124e+02
      1.31e-02 5.36e+00  -3.8 2.52e+00  -1.5 1.00e+00 1.17e-01h  1 27
      7.7850291e+02 1.01e-03 4.15e-01  -3.8 7.01e-01  -1.1 1.00e+00 9.23e-01h
      1 28  7.1996407e+02 8.71e-07 7.82e-02  -3.8 3.61e-01  -0.7 1.00e+00
      1.00e+00h  1 29  6.2512004e+02 1.51e-05 2.21e+00  -3.8 9.49e+01  -1.2
      1.83e-01 4.50e-03f  1
    iter    objective    inf_pr   inf_du lg(mu)  ||d||  lg(rg) alpha_du
    alpha_pr  ls
      30  5.5056838e+02 2.22e-05 1.45e-01  -3.8 8.10e-01  -0.7 1.00e+00
      4.30e-01f  1 31  5.3663171e+02 4.31e-05 1.27e-01  -3.8 3.52e-01  -1.2
      8.10e-01 1.82e-01h  1 32  5.0789484e+02 4.60e-04 1.32e-01  -3.8 4.01e-01
      -1.7 1.00e+00 2.28e-01f  1 33  2.5727897e+02 2.26e-02 5.43e+00  -3.8
      1.38e+01  -2.2 4.62e-02 5.25e-02f  1 34  1.4592236e+02 1.77e-02 1.10e+01
      -3.8 2.35e+01  -2.7 7.30e-02 2.18e-01h  1 35  3.4308362e+02 9.99e-03
      3.29e+01  -3.8 8.63e+00    -  2.50e-01 1.00e+00h  1 36  4.4156941e+02
      9.43e-03 4.47e+01  -3.8 2.22e+00  -0.4 1.16e-03 7.89e-02h  2 37
      1.8407621e+02 5.80e-05 1.05e+01  -3.8 1.06e-01   0.9 5.47e-01 1.00e+00h
      1 38  2.6978590e+02 4.60e-05 3.65e+01  -3.8 3.44e-01   1.3 1.15e-02
      2.06e-01h  1 39  1.6950575e+02 6.17e-09 1.89e+00  -3.8 1.28e-01   1.8
      7.40e-01 1.00e+00f  1
    iter    objective    inf_pr   inf_du lg(mu)  ||d||  lg(rg) alpha_du
    alpha_pr  ls
      40  9.1269803e+01 7.13e-09 7.54e+00  -3.8 3.13e-01   1.3 1.62e-01
      9.28e-02f  1 41  7.6222845e+01 6.36e-09 7.71e+00  -3.8 9.69e-02   0.8
      6.37e-01 7.15e-02f  1 42  2.0272399e+01 1.10e-06 5.24e+00  -3.8 7.81e-02
      0.3 4.96e-01 5.00e-01f  2 43 -4.2515706e+00 1.43e-05 4.37e+00  -3.8
      3.80e-02  -0.1 7.20e-01 1.00e+00f  1 44 -5.4602453e+01 1.62e-04 7.37e+00
      -3.8 2.04e-01  -0.6 1.00e+00 1.00e+00f  1 45 -1.1185079e+02 2.84e-04
      2.69e+01  -3.8 1.59e-01  -1.1 3.18e-01 2.31e-01f  1 46 -1.6634762e+02
      6.40e-04 6.56e+01  -3.8 1.04e-01  -1.6 7.65e-01 1.00e+00f  1 47
      -1.7290924e+02 6.08e-04 6.04e+01  -3.8 8.87e-01  -1.2 2.20e-01 6.04e-02h
      1 48 -1.8864161e+02 6.34e-07 1.03e+00  -3.8 3.98e-02  -1.6 1.00e+00
      1.00e+00h  1
Traceback (most recent call last):
  File "/home/paperspace/anaconda3/envs/ckipetenv/lib/python3.8/site-packages/kipet/main_modules/reaction_model.py", line 1762, in run_opt
    results = self._run_opt_core()
  File "/home/paperspace/anaconda3/envs/ckipetenv/lib/python3.8/site-packages/kipet/main_modules/reaction_model.py", line 1836, in _run_opt_core
    self._run_ve_opt()
  File "/home/paperspace/anaconda3/envs/ckipetenv/lib/python3.8/site-packages/kipet/main_modules/reaction_model.py", line 1661, in _run_ve_opt
    results = self._run_opt('v_estimator', **self.settings.variance_estimator)
  File "/home/paperspace/anaconda3/envs/ckipetenv/lib/python3.8/site-packages/kipet/main_modules/reaction_model.py", line 1930, in _run_opt
    self.results_dict[estimator] = getattr(self, estimator).run_opt(*args, **kwargs)
  File "/home/paperspace/anaconda3/envs/ckipetenv/lib/python3.8/site-packages/kipet/estimator_tools/variance_estimator.py", line 161, in run_opt
    results = run_alternate_method(self, solver, run_opt_kwargs)
  File "/home/paperspace/anaconda3/envs/ckipetenv/lib/python3.8/site-packages/kipet/variance_methods/alternate_method.py", line 70, in run_alternate_method
    new_delta = _solve_delta_given_sigma(var_est_object,
  File "/home/paperspace/anaconda3/envs/ckipetenv/lib/python3.8/site-packages/kipet/variance_methods/alternate_method.py", line 314, in _solve_delta_given_sigma
    solver_results = opt.solve(var_est_object.model,
  File "/home/paperspace/anaconda3/envs/ckipetenv/lib/python3.8/site-packages/Pyomo-5.7.3-py3.8-linux-x86_64.egg/pyomo/opt/base/solvers.py", line 601, in solve
    raise ApplicationError(
pyutilib.common._exceptions.ApplicationError: Solver (ipopt) did not exit normally
########################################
# KIPET version 1.0.3
# Date: 2021-07-07-15-04-58
# File: <ipython-input-3-157868483296>
# ReactionModel instance: reaction1
########################################

# Simulator: Initializing with starting values
Traceback (most recent call last):
  File "/home/paperspace/anaconda3/envs/ckipetenv/lib/python3.8/site-packages/kipet/calculation_tools/helper.py", line 20, in __getattr__
    return self[name]
KeyError: 'method'

During handling of the above exception, another exception occurred:

Traceback (most recent call last):
  File "/home/paperspace/anaconda3/envs/ckipetenv/lib/python3.8/site-packages/kipet/main_modules/reaction_model.py", line 1762, in run_opt
    results = self._run_opt_core()
  File "/home/paperspace/anaconda3/envs/ckipetenv/lib/python3.8/site-packages/kipet/main_modules/reaction_model.py", line 1791, in _run_opt_core
    print(f'# Simulator: Using the {self.settings.simulator.method} method')
  File "/home/paperspace/anaconda3/envs/ckipetenv/lib/python3.8/site-packages/kipet/calculation_tools/helper.py", line 22, in __getattr__
    raise AttributeError(name)
AttributeError: method
